Using pre-set license
Built from '2020.2/staging' branch; Version is '2020.2.7f1 (c53830e277f1) revision 12924976'; Using compiler version '192528614'; Build Type 'Release'
OS: 'Windows 10 Home; OS build 19042.1165; Version 2009; 64bit' Language: 'ja' Physical Memory: 8037 MB
BatchMode: 1, IsHumanControllingUs: 0, StartBugReporterOnCrash: 0, Is64bit: 1, IsPro: 0

 COMMAND LINE ARGUMENTS:
C:\Program Files\Unity\Hub\Editor\2020.2.7f1\Editor\Unity.exe
-adb2
-batchMode
-noUpm
-name
AssetImportWorker0
-projectPath
C:/unitywork/My_05_Mikhail
-logFile
Logs/AssetImportWorker0.log
-srvPort
57077
Successfully changed project path to: C:/unitywork/My_05_Mikhail
C:/unitywork/My_05_Mikhail
Using Asset Import Pipeline V2.
Refreshing native plugins compatible for Editor in 22.10 ms, found 0 plugins.
Preloading 0 native plugins for Editor in 0.00 ms.
Initialize engine version: 2020.2.7f1 (c53830e277f1)
[Subsystems] Discovering subsystems at path C:/Program Files/Unity/Hub/Editor/2020.2.7f1/Editor/Data/Resources/UnitySubsystems
[Subsystems] Discovering subsystems at path C:/unitywork/My_05_Mikhail/Assets
GfxDevice: creating device client; threaded=0
Direct3D:
    Version:  Direct3D 11.0 [level 11.1]
    Renderer: NVIDIA GeForce MX250 (ID=0x1d13)
    Vendor:   
    VRAM:     1983 MB
    Driver:   25.21.14.1972
Initialize mono
Mono path[0] = 'C:/Program Files/Unity/Hub/Editor/2020.2.7f1/Editor/Data/Managed'
Mono path[1] = 'C:/Program Files/Unity/Hub/Editor/2020.2.7f1/Editor/Data/MonoBleedingEdge/lib/mono/unityjit'
Mono config path = 'C:/Program Files/Unity/Hub/Editor/2020.2.7f1/Editor/Data/MonoBleedingEdge/etc'
Using monoOptions --debugger-agent=transport=dt_socket,embedding=1,server=y,suspend=n,address=127.0.0.1:56632
Begin MonoManager ReloadAssembly
Registering precompiled unity dll's ...
Register platform support module: C:/Program Files/Unity/Hub/Editor/2020.2.7f1/Editor/Data/PlaybackEngines/WindowsStandaloneSupport/UnityEditor.WindowsStandalone.Extensions.dll
Registered in 0.002475 seconds.
Native extension for WindowsStandalone target not found
Refreshing native plugins compatible for Editor in 22.53 ms, found 0 plugins.
Preloading 0 native plugins for Editor in 0.00 ms.
Invoked RoslynAnalysisRunner static constructor.
RoslynAnalysisRunner will not be running.
RoslynAnalysisRunner has terminated.
Mono: successfully reloaded assembly
- Completed reload, in  1.924 seconds
Platform modules already initialized, skipping
Registering precompiled user dll's ...
Registered in 0.000699 seconds.
Begin MonoManager ReloadAssembly
Native extension for WindowsStandalone target not found
Refreshing native plugins compatible for Editor in 0.24 ms, found 0 plugins.
Preloading 0 native plugins for Editor in 0.00 ms.
Invoked RoslynAnalysisRunner static constructor.
RoslynAnalysisRunner will not be running.
RoslynAnalysisRunner has terminated.
Mono: successfully reloaded assembly
- Completed reload, in  0.811 seconds
Platform modules already initialized, skipping
========================================================================
Worker process is ready to serve import requests
Launched and connected shader compiler UnityShaderCompiler.exe after 0.05 seconds
Refreshing native plugins compatible for Editor in 0.23 ms, found 0 plugins.
Preloading 0 native plugins for Editor in 0.00 ms.
Unloading 1126 Unused Serialized files (Serialized files now loaded: 0)
System memory in use before: 58.4 MB.
System memory in use after: 57.9 MB.

Unloading 23 unused Assets to reduce memory usage. Loaded Objects now: 1554.
Total: 5.114900 ms (FindLiveObjects: 0.161900 ms CreateObjectMapping: 0.048400 ms MarkObjects: 4.360500 ms  DeleteObjects: 0.542700 ms)

========================================================================
Received Import Request.
  path: Assets/New Material 1.mat
  artifactKey: Guid(81dbf494a9737a04b843ee1ce203c2e4) Importer(815301076,1909f56bfc062723c751e8b465ee728b)
Start importing Assets/New Material 1.mat using Guid(81dbf494a9737a04b843ee1ce203c2e4) Importer(815301076,1909f56bfc062723c751e8b465ee728b)  -> (artifact id: 'ba15716596b23135e5dd3df9938d0f49') in 0.382871 seconds
  Import took 0.385829 seconds .

========================================================================
Received Import Request.
  Time since last request: 0.001018 seconds.
  path: Assets/New Material.mat
  artifactKey: Guid(be466a665a97f2f4ea3029fe59e6adb3) Importer(815301076,1909f56bfc062723c751e8b465ee728b)
Start importing Assets/New Material.mat using Guid(be466a665a97f2f4ea3029fe59e6adb3) Importer(815301076,1909f56bfc062723c751e8b465ee728b)  -> (artifact id: '310c4790c4f8e465e2a370bcc06ec681') in 0.232784 seconds
  Import took 0.234993 seconds .

========================================================================
Received Import Request.
  Time since last request: 0.003423 seconds.
  path: Assets/New Material 2.mat
  artifactKey: Guid(eebee5e968b2f4b4c9a149d7331295e4) Importer(815301076,1909f56bfc062723c751e8b465ee728b)
Start importing Assets/New Material 2.mat using Guid(eebee5e968b2f4b4c9a149d7331295e4) Importer(815301076,1909f56bfc062723c751e8b465ee728b)  -> (artifact id: '04a494eb80dace5409fba45643120a92') in 0.159630 seconds
  Import took 0.161706 seconds .

========================================================================
Received Import Request.
  Time since last request: 0.000398 seconds.
  path: Assets/New Material 3.mat
  artifactKey: Guid(08fbd8d875469a147ac960d6849cf44f) Importer(815301076,1909f56bfc062723c751e8b465ee728b)
Start importing Assets/New Material 3.mat using Guid(08fbd8d875469a147ac960d6849cf44f) Importer(815301076,1909f56bfc062723c751e8b465ee728b)  -> (artifact id: 'f1506e36e72261ff8742f37505be7747') in 0.012956 seconds
  Import took 0.014815 seconds .

========================================================================
Received Import Request.
  Time since last request: 0.000338 seconds.
  path: Assets/Flag.png
  artifactKey: Guid(614a71a3385603648b604fe87bfd2286) Importer(815301076,1909f56bfc062723c751e8b465ee728b)
Start importing Assets/Flag.png using Guid(614a71a3385603648b604fe87bfd2286) Importer(815301076,1909f56bfc062723c751e8b465ee728b)  -> (artifact id: '7bec68adc030bdc6e4a738b411559280') in 0.065020 seconds
  Import took 0.067304 seconds .

========================================================================
Received Import Request.
  Time since last request: 12.441535 seconds.
  path: Assets/Materials/Flag.mat
  artifactKey: Guid(c5869bc74513dce47b0aa6912cede019) Importer(815301076,1909f56bfc062723c751e8b465ee728b)
Start importing Assets/Materials/Flag.mat using Guid(c5869bc74513dce47b0aa6912cede019) Importer(815301076,1909f56bfc062723c751e8b465ee728b)  -> (artifact id: '809e17156368aebe28e56bf7e8b99e78') in 0.150750 seconds
  Import took 0.152980 seconds .

========================================================================
Received Import Request.
  Time since last request: 0.000291 seconds.
  path: Assets/TextMesh Pro/Resources/Fonts & Materials/LiberationSans SDF - Outline.mat
  artifactKey: Guid(79459efec17a4d00a321bdcc27bbc385) Importer(815301076,1909f56bfc062723c751e8b465ee728b)
Start importing Assets/TextMesh Pro/Resources/Fonts & Materials/LiberationSans SDF - Outline.mat using Guid(79459efec17a4d00a321bdcc27bbc385) Importer(815301076,1909f56bfc062723c751e8b465ee728b)  -> (artifact id: 'ad57e513a7d191e149d189dc54d44f71') in 0.057336 seconds
  Import took 0.059820 seconds .

========================================================================
Received Import Request.
  Time since last request: 0.000322 seconds.
  path: Assets/TextMesh Pro/Resources/Fonts & Materials/LiberationSans SDF - Fallback.asset
  artifactKey: Guid(2e498d1c8094910479dc3e1b768306a4) Importer(815301076,1909f56bfc062723c751e8b465ee728b)
Start importing Assets/TextMesh Pro/Resources/Fonts & Materials/LiberationSans SDF - Fallback.asset using Guid(2e498d1c8094910479dc3e1b768306a4) Importer(815301076,1909f56bfc062723c751e8b465ee728b)  -> (artifact id: '6c4fc18f520428cd1fc5df41d9686030') in 0.040131 seconds
  Import took 0.042215 seconds .

========================================================================
Received Import Request.
  Time since last request: 0.000278 seconds.
  path: Assets/TextMesh Pro/Fonts/LiberationSans.ttf
  artifactKey: Guid(e3265ab4bf004d28a9537516768c1c75) Importer(815301076,1909f56bfc062723c751e8b465ee728b)
Start importing Assets/TextMesh Pro/Fonts/LiberationSans.ttf using Guid(e3265ab4bf004d28a9537516768c1c75) Importer(815301076,1909f56bfc062723c751e8b465ee728b)  -> (artifact id: 'db39beeeb35daa7bef6d923fba331d32') in 0.032471 seconds
  Import took 0.034270 seconds .

========================================================================
Received Import Request.
  Time since last request: 0.000301 seconds.
  path: Assets/TextMesh Pro/Resources/Fonts & Materials/LiberationSans SDF - Drop Shadow.mat
  artifactKey: Guid(e73a58f6e2794ae7b1b7e50b7fb811b0) Importer(815301076,1909f56bfc062723c751e8b465ee728b)
Start importing Assets/TextMesh Pro/Resources/Fonts & Materials/LiberationSans SDF - Drop Shadow.mat using Guid(e73a58f6e2794ae7b1b7e50b7fb811b0) Importer(815301076,1909f56bfc062723c751e8b465ee728b)  -> (artifact id: '592be31a61d4e6f4490001272d7dca3f') in 0.063235 seconds
  Import took 0.065224 seconds .

========================================================================
Received Import Request.
  Time since last request: 18.777813 seconds.
  path: Assets/Materials
  artifactKey: Guid(4e7693e34e37756489335eff77e56f91) Importer(815301076,1909f56bfc062723c751e8b465ee728b)
Start importing Assets/Materials using Guid(4e7693e34e37756489335eff77e56f91) Importer(815301076,1909f56bfc062723c751e8b465ee728b)  -> (artifact id: '44b833791ab186e90c384fb2e6cba9c6') in 0.002474 seconds
  Import took 0.004760 seconds .

========================================================================
Received Import Request.
  Time since last request: 13.235336 seconds.
  path: Assets/Materials/LIGHTNING.giparams
  artifactKey: Guid(4a62e9ac4f7c0b54bb9768378d02773b) Importer(815301076,1909f56bfc062723c751e8b465ee728b)
Start importing Assets/Materials/LIGHTNING.giparams using Guid(4a62e9ac4f7c0b54bb9768378d02773b) Importer(815301076,1909f56bfc062723c751e8b465ee728b)  -> (artifact id: '4e3c300b0b265b97ec4e290ad75f98b1') in 0.004993 seconds
  Import took 0.007017 seconds .

========================================================================
Received Import Request.
  Time since last request: 0.011092 seconds.
  path: Assets/Materials/LIGHTNING.giparams
  artifactKey: Guid(4a62e9ac4f7c0b54bb9768378d02773b) Importer(815301076,1909f56bfc062723c751e8b465ee728b)
Start importing Assets/Materials/LIGHTNING.giparams using Guid(4a62e9ac4f7c0b54bb9768378d02773b) Importer(815301076,1909f56bfc062723c751e8b465ee728b)  -> (artifact id: '4e3c300b0b265b97ec4e290ad75f98b1') in 0.002485 seconds
  Import took 0.004734 seconds .

AssetImportWorkerClient::OnTransportError - code=2 error=End of file
